<?xml version="1.0" encoding="UTF-8"?>
<testsuite xmlns:xsi="http://www.w3.org/2001/XMLSchema-instance" xsi:noNamespaceSchemaLocation="https://maven.apache.org/surefire/maven-surefire-plugin/xsd/surefire-test-report-3.0.xsd" version="3.0" name="TestSuite" time="180.541" tests="11" errors="0" skipped="0" failures="3">
  <properties>
[...]
</properties>
  <testcase name="contectWithUsFacebookClickTest" classname="com.SeleniumAssignment.tests.HomeTest" time="30.419">
    <system-out><![CDATA[[Configuration] [WARN] Detected a static method [com.SeleniumAssignment.tests.BaseTest.setExtentReport()]. Static configuration methods can cause  unexpected behavior.
[Configuration] [WARN] Detected a static method [com.SeleniumAssignment.tests.BaseTest.endTest()]. Static configuration methods can cause  unexpected behavior.
[Configuration] [WARN] Detected a static method [com.SeleniumAssignment.tests.BaseTest.initializationBrowsers()]. Static configuration methods can cause  unexpected behavior.
[Configuration] [WARN] Detected a static method [com.SeleniumAssignment.tests.BaseTest.setExtentReport()]. Static configuration methods can cause  unexpected behavior.
[Configuration] [WARN] Detected a static method [com.SeleniumAssignment.tests.BaseTest.endTest()]. Static configuration methods can cause  unexpected behavior.
[Configuration] [WARN] Detected a static method [com.SeleniumAssignment.tests.BaseTest.initializationBrowsers()]. Static configuration methods can cause  unexpected behavior.
[Configuration] [WARN] Detected a static method [com.SeleniumAssignment.tests.BaseTest.setExtentReport()]. Static configuration methods can cause  unexpected behavior.
[Configuration] [WARN] Detected a static method [com.SeleniumAssignment.tests.BaseTest.endTest()]. Static configuration methods can cause  unexpected behavior.
[Configuration] [WARN] Detected a static method [com.SeleniumAssignment.tests.BaseTest.initializationBrowsers()]. Static configuration methods can cause  unexpected behavior.
]]></system-out>
    <system-err><![CDATA[Starting ChromeDriver 96.0.4664.45 (76e4c1bb2ab4671b8beba3444e61c0f17584b2fc-refs/branch-heads/4664@{#947}) on port 8167
Only local connections are allowed.
Please see https://chromedriver.chromium.org/security-considerations for suggestions on keeping ChromeDriver safe.
ChromeDriver was started successfully.
Dec 19, 2021 3:34:34 PM org.openqa.selenium.remote.ProtocolHandshake createSession
INFO: Detected dialect: W3C
]]></system-err>
  </testcase>
  <testcase name="contectWithUsInstagramClickTest" classname="com.SeleniumAssignment.tests.HomeTest" time="7.408">
    <system-out><![CDATA[Complete.
]]></system-out>
    <system-err><![CDATA[Starting ChromeDriver 96.0.4664.45 (76e4c1bb2ab4671b8beba3444e61c0f17584b2fc-refs/branch-heads/4664@{#947}) on port 37266
Only local connections are allowed.
Please see https://chromedriver.chromium.org/security-considerations for suggestions on keeping ChromeDriver safe.
ChromeDriver was started successfully.
Dec 19, 2021 3:35:14 PM org.openqa.selenium.remote.ProtocolHandshake createSession
INFO: Detected dialect: W3C
]]></system-err>
  </testcase>
  <testcase name="contectWithUsTwitterClickTest" classname="com.SeleniumAssignment.tests.HomeTest" time="8.703">
    <system-out><![CDATA[Complete.
]]></system-out>
    <system-err><![CDATA[Starting ChromeDriver 96.0.4664.45 (76e4c1bb2ab4671b8beba3444e61c0f17584b2fc-refs/branch-heads/4664@{#947}) on port 31611
Only local connections are allowed.
Please see https://chromedriver.chromium.org/security-considerations for suggestions on keeping ChromeDriver safe.
ChromeDriver was started successfully.
Dec 19, 2021 3:35:32 PM org.openqa.selenium.remote.ProtocolHandshake createSession
INFO: Detected dialect: W3C
]]></system-err>
  </testcase>
  <testcase name="enterSearchText[iphone](1)" classname="com.SeleniumAssignment.tests.HomeTest" time="2.347">
    <system-out><![CDATA[Complete.
]]></system-out>
    <system-err><![CDATA[Starting ChromeDriver 96.0.4664.45 (76e4c1bb2ab4671b8beba3444e61c0f17584b2fc-refs/branch-heads/4664@{#947}) on port 46045
Only local connections are allowed.
Please see https://chromedriver.chromium.org/security-considerations for suggestions on keeping ChromeDriver safe.
ChromeDriver was started successfully.
Dec 19, 2021 3:35:46 PM org.openqa.selenium.remote.ProtocolHandshake createSession
INFO: Detected dialect: W3C
]]></system-err>
  </testcase>
  <testcase name="navigationBarBestSellerClickTest" classname="com.SeleniumAssignment.tests.HomeTest" time="1.802">
    <system-out><![CDATA[Complete.
]]></system-out>
    <system-err><![CDATA[Starting ChromeDriver 96.0.4664.45 (76e4c1bb2ab4671b8beba3444e61c0f17584b2fc-refs/branch-heads/4664@{#947}) on port 9438
Only local connections are allowed.
Please see https://chromedriver.chromium.org/security-considerations for suggestions on keeping ChromeDriver safe.
ChromeDriver was started successfully.
Dec 19, 2021 3:35:55 PM org.openqa.selenium.remote.ProtocolHandshake createSession
INFO: Detected dialect: W3C
]]></system-err>
  </testcase>
  <testcase name="navigationBarElectronicsClickTest" classname="com.SeleniumAssignment.tests.HomeTest" time="4.028">
    <failure message="expected [Amazon.in Bestsellers: The most popular items on Amazon] but found [Electronics Store: Buy Electronics products Online at Best Prices in India at Amazon.in]" type="java.lang.AssertionError"><![CDATA[java.lang.AssertionError: expected [Amazon.in Bestsellers: The most popular items on Amazon] but found [Electronics Store: Buy Electronics products Online at Best Prices in India at Amazon.in]
	at com.SeleniumAssignment.tests.HomeTest.navigationBarElectronicsClickTest(HomeTest.java:44)
]]></failure>
    <system-out><![CDATA[Complete.
]]></system-out>
    <system-err><![CDATA[Starting ChromeDriver 96.0.4664.45 (76e4c1bb2ab4671b8beba3444e61c0f17584b2fc-refs/branch-heads/4664@{#947}) on port 2227
Only local connections are allowed.
Please see https://chromedriver.chromium.org/security-considerations for suggestions on keeping ChromeDriver safe.
ChromeDriver was started successfully.
Dec 19, 2021 3:36:04 PM org.openqa.selenium.remote.ProtocolHandshake createSession
INFO: Detected dialect: W3C
]]></system-err>
  </testcase>
  <testcase name="navigationBarFashionClickTest" classname="com.SeleniumAssignment.tests.HomeTest" time="7.656">
    <failure message="expected [Amazon.in Bestsellers: The most popular items on Amazon] but found [Amazon Fashion: Clothing, Footwear and Accessories online for Men, Women and Kids]" type="java.lang.AssertionError"><![CDATA[java.lang.AssertionError: expected [Amazon.in Bestsellers: The most popular items on Amazon] but found [Amazon Fashion: Clothing, Footwear and Accessories online for Men, Women and Kids]
	at com.SeleniumAssignment.tests.HomeTest.navigationBarFashionClickTest(HomeTest.java:60)
]]></failure>
    <system-out><![CDATA[Complete.
]]></system-out>
    <system-err><![CDATA[Starting ChromeDriver 96.0.4664.45 (76e4c1bb2ab4671b8beba3444e61c0f17584b2fc-refs/branch-heads/4664@{#947}) on port 3243
Only local connections are allowed.
Please see https://chromedriver.chromium.org/security-considerations for suggestions on keeping ChromeDriver safe.
ChromeDriver was started successfully.
Dec 19, 2021 3:36:15 PM org.openqa.selenium.remote.ProtocolHandshake createSession
INFO: Detected dialect: W3C
]]></system-err>
  </testcase>
  <testcase name="navigationBarMobilesClickTest" classname="com.SeleniumAssignment.tests.HomeTest" time="5.174">
    <system-out><![CDATA[Complete.
]]></system-out>
    <system-err><![CDATA[Starting ChromeDriver 96.0.4664.45 (76e4c1bb2ab4671b8beba3444e61c0f17584b2fc-refs/branch-heads/4664@{#947}) on port 14948
Only local connections are allowed.
Please see https://chromedriver.chromium.org/security-considerations for suggestions on keeping ChromeDriver safe.
ChromeDriver was started successfully.
Dec 19, 2021 3:36:31 PM org.openqa.selenium.remote.ProtocolHandshake createSession
INFO: Detected dialect: W3C
]]></system-err>
  </testcase>
  <testcase name="navigationBarPrimeClickTest" classname="com.SeleniumAssignment.tests.HomeTest" time="10.205">
    <failure message="no such element: Unable to locate element: {&quot;method&quot;:&quot;link text&quot;,&quot;selector&quot;:&quot;Prime&quot;}&#10;  (Session info: headless chrome=96.0.4664.110)&#10;For documentation on this error, please visit: https://www.seleniumhq.org/exceptions/no_such_element.html&#10;Build info: version: &apos;3.141.59&apos;, revision: &apos;e82be7d358&apos;, time: &apos;2018-11-14T08:17:03&apos;&#10;System info: host: &apos;IN-PG02NJQY&apos;, ip: &apos;192.168.32.148&apos;, os.name: &apos;Windows 10&apos;, os.arch: &apos;amd64&apos;, os.version: &apos;10.0&apos;, java.version: &apos;11.0.12&apos;&#10;Driver info: org.openqa.selenium.chrome.ChromeDriver&#10;Capabilities {acceptInsecureCerts: false, browserName: chrome, browserVersion: 96.0.4664.110, chrome: {chromedriverVersion: 96.0.4664.45 (76e4c1bb2ab46..., userDataDir: C:\Users\RAJIBM~1\AppData\L...}, goog:chromeOptions: {debuggerAddress: localhost:65141}, javascriptEnabled: true, networkConnectionEnabled: false, pageLoadStrategy: normal, platform: WINDOWS, platformName: WINDOWS, proxy: Proxy(), setWindowRect: true, strictFileInteractability: false, timeouts: {implicit: 0, pageLoad: 300000, script: 30000}, unhandledPromptBehavior: dismiss and notify, webauthn:extension:credBlob: true, webauthn:extension:largeBlob: true, webauthn:virtualAuthenticators: true}&#10;Session ID: fbefa5e2a2492ffd63a81f01fb44c30b&#10;*** Element info: {Using=link text, value=Prime}" type="org.openqa.selenium.NoSuchElementException"><![CDATA[org.openqa.selenium.NoSuchElementException: 
no such element: Unable to locate element: {"method":"link text","selector":"Prime"}
  (Session info: headless chrome=96.0.4664.110)
For documentation on this error, please visit: https://www.seleniumhq.org/exceptions/no_such_element.html
Build info: version: '3.141.59', revision: 'e82be7d358', time: '2018-11-14T08:17:03'
System info: host: 'IN-PG02NJQY', ip: '192.168.32.148', os.name: 'Windows 10', os.arch: 'amd64', os.version: '10.0', java.version: '11.0.12'
Driver info: org.openqa.selenium.chrome.ChromeDriver
Capabilities {acceptInsecureCerts: false, browserName: chrome, browserVersion: 96.0.4664.110, chrome: {chromedriverVersion: 96.0.4664.45 (76e4c1bb2ab46..., userDataDir: C:\Users\RAJIBM~1\AppData\L...}, goog:chromeOptions: {debuggerAddress: localhost:65141}, javascriptEnabled: true, networkConnectionEnabled: false, pageLoadStrategy: normal, platform: WINDOWS, platformName: WINDOWS, proxy: Proxy(), setWindowRect: true, strictFileInteractability: false, timeouts: {implicit: 0, pageLoad: 300000, script: 30000}, unhandledPromptBehavior: dismiss and notify, webauthn:extension:credBlob: true, webauthn:extension:largeBlob: true, webauthn:virtualAuthenticators: true}
Session ID: fbefa5e2a2492ffd63a81f01fb44c30b
*** Element info: {Using=link text, value=Prime}
	at com.SeleniumAssignment.tests.HomeTest.navigationBarPrimeClickTest(HomeTest.java:51)
]]></failure>
    <system-out><![CDATA[Complete.
]]></system-out>
    <system-err><![CDATA[Starting ChromeDriver 96.0.4664.45 (76e4c1bb2ab4671b8beba3444e61c0f17584b2fc-refs/branch-heads/4664@{#947}) on port 6008
Only local connections are allowed.
Please see https://chromedriver.chromium.org/security-considerations for suggestions on keeping ChromeDriver safe.
ChromeDriver was started successfully.
Dec 19, 2021 3:36:47 PM org.openqa.selenium.remote.ProtocolHandshake createSession
INFO: Detected dialect: W3C
]]></system-err>
  </testcase>
  <testcase name="careersSearchJobTest" classname="com.SeleniumAssignment.tests.CareersTest" time="14.037">
    <system-out><![CDATA[Complete.
]]></system-out>
    <system-err><![CDATA[Starting ChromeDriver 96.0.4664.45 (76e4c1bb2ab4671b8beba3444e61c0f17584b2fc-refs/branch-heads/4664@{#947}) on port 43822
Only local connections are allowed.
Please see https://chromedriver.chromium.org/security-considerations for suggestions on keeping ChromeDriver safe.
ChromeDriver was started successfully.
Dec 19, 2021 3:37:01 PM org.openqa.selenium.remote.ProtocolHandshake createSession
INFO: Detected dialect: W3C
]]></system-err>
  </testcase>
  <testcase name="RegistrionFormTest[Rajib, 9932456789, xyz.abc@gmail.com, Rajib#2021](1)" classname="com.SeleniumAssignment.tests.RegistrationTest" time="2.605">
    <system-out><![CDATA[Complete.
]]></system-out>
    <system-err><![CDATA[Starting ChromeDriver 96.0.4664.45 (76e4c1bb2ab4671b8beba3444e61c0f17584b2fc-refs/branch-heads/4664@{#947}) on port 18024
Only local connections are allowed.
Please see https://chromedriver.chromium.org/security-considerations for suggestions on keeping ChromeDriver safe.
ChromeDriver was started successfully.
Dec 19, 2021 3:37:23 PM org.openqa.selenium.remote.ProtocolHandshake createSession
INFO: Detected dialect: W3C
]]></system-err>
  </testcase>
</testsuite>